Build started 11/25/2014 11:36:52 AM.
     1>Project "C:\Users\SybrandtJG1\Desktop\TRADING GAME\TradingGame\DBAccess\DBAccess\DBAccess.vcxproj" on node 2 (Build target(s)).
     1>ClCompile:
         C:\Program Files (x86)\Microsoft Visual Studio 11.0\VC\bin\CL.exe /c /I"C:\Program Files\boost\boost_1_51_0" /I"C:\Program Files (x86)\MySQL\MySQL Connector C++ 1.1.4\include\cppconn" /I"C:\Program Files (x86)\MySQL\MySQL Connector C++ 1.1.4\include" /ZI /nologo /W3 /WX- /Od /Oy- /D WIN32 /D _DEBUG /D _CONSOLE /D _UNICODE /D UNICODE /Gm /EHsc /RTC1 /MDd /GS /fp:precise /Zc:wchar_t /Zc:forScope /Fo"Debug\\" /Fd"Debug\vc110.pdb" /Gd /TP /analyze- /errorReport:prompt DBAccess.cpp
         DBAccess.cpp
     1>c:\program files (x86)\mysql\mysql connector c++ 1.1.4\include\cppconn\sqlstring.h(39): warning C4251: 'sql::SQLString::realStr' : class 'std::basic_string<_Elem,_Traits,_Alloc>' needs to have dll-interface to be used by clients of class 'sql::SQLString'
                 with
                 [
                     _Elem=char,
                     _Traits=std::char_traits<char>,
                     _Alloc=std::allocator<char>
                 ]
     1>c:\program files (x86)\mysql\mysql connector c++ 1.1.4\include\mysql_connection.h(165): warning C4251: 'sql::mysql::MySQL_Connection::proxy' : class 'boost::shared_ptr<T>' needs to have dll-interface to be used by clients of class 'sql::mysql::MySQL_Connection'
                 with
                 [
                     T=sql::mysql::NativeAPI::NativeConnectionWrapper
                 ]
     1>c:\program files (x86)\mysql\mysql connector c++ 1.1.4\include\mysql_connection.h(169): warning C4251: 'sql::mysql::MySQL_Connection::service' : class 'boost::scoped_ptr<T>' needs to have dll-interface to be used by clients of class 'sql::mysql::MySQL_Connection'
                 with
                 [
                     T=sql::mysql::MySQL_Statement
                 ]
     1>c:\program files (x86)\mysql\mysql connector c++ 1.1.4\include\mysql_driver.h(52): warning C4251: 'sql::mysql::MySQL_Driver::proxy' : class 'boost::scoped_ptr<T>' needs to have dll-interface to be used by clients of class 'sql::mysql::MySQL_Driver'
                 with
                 [
                     T=sql::mysql::NativeAPI::NativeDriverWrapper
                 ]
     1>c:\program files (x86)\mysql\mysql connector c++ 1.1.4\include\cppconn\exception.h(61): warning C4251: 'sql::SQLException::sql_state' : class 'std::basic_string<_Elem,_Traits,_Alloc>' needs to have dll-interface to be used by clients of class 'sql::SQLException'
                 with
                 [
                     _Elem=char,
                     _Traits=std::char_traits<char>,
                     _Alloc=std::allocator<char>
                 ]
     1>c:\program files (x86)\mysql\mysql connector c++ 1.1.4\include\cppconn\exception.h(145): warning C4251: 'sql::SQLUnsupportedOptionException::option' : class 'std::basic_string<_Elem,_Traits,_Alloc>' needs to have dll-interface to be used by clients of struct 'sql::SQLUnsupportedOptionException'
                 with
                 [
                     _Elem=char,
                     _Traits=std::char_traits<char>,
                     _Alloc=std::allocator<char>
                 ]
       Link:
         C:\Program Files (x86)\Microsoft Visual Studio 11.0\VC\bin\link.exe /ERRORREPORT:PROMPT /OUT:"C:\Users\SybrandtJG1\Desktop\TRADING GAME\TradingGame\DBAccess\Debug\DBAccess.exe" /INCREMENTAL /NOLOGO /LIBPATH:"C:\Program Files (x86)\MySQL\MySQL Connector C 6.1\lib" /LIBPATH:"C:\Program Files (x86)\MySQL\MySQL Connector C++ 1.1.4\lib\opt" mysqlcppconn.lib kernel32.lib user32.lib gdi32.lib winspool.lib comdlg32.lib advapi32.lib shell32.lib ole32.lib oleaut32.lib uuid.lib odbc32.lib odbccp32.lib /MANIFEST /MANIFESTUAC:"level='asInvoker' uiAccess='false'" /manifest:embed /DEBUG /PDB:"C:\Users\SybrandtJG1\Desktop\TRADING GAME\TradingGame\DBAccess\Debug\DBAccess.pdb" /SUBSYSTEM:CONSOLE /TLBID:1 /DYNAMICBASE /NXCOMPAT /IMPLIB:"C:\Users\SybrandtJG1\Desktop\TRADING GAME\TradingGame\DBAccess\Debug\DBAccess.lib" /MACHINE:X86 Debug\DBAccess.obj
         Debug\DBConnection.obj
         Debug\stdafx.obj
         DBAccess.vcxproj -> C:\Users\SybrandtJG1\Desktop\TRADING GAME\TradingGame\DBAccess\Debug\DBAccess.exe
     1>Done Building Project "C:\Users\SybrandtJG1\Desktop\TRADING GAME\TradingGame\DBAccess\DBAccess\DBAccess.vcxproj" (Build target(s)).

Build succeeded.

Time Elapsed 00:00:02.09
