Build started 12/2/2014 9:34:12 PM.
     1>Project "C:\PROJECTS\TradingGame\ClientWindow\ClientWindow\ClientWindow.vcxproj" on node 2 (Build target(s)).
     1>ClCompile:
         C:\Program Files (x86)\Microsoft Visual Studio 11.0\VC\bin\CL.exe /c /AI"C:\Program Files (x86)\Reference Assemblies\Microsoft\Framework\.NETFramework\v4.5\\" /AI"C:\Program Files (x86)\Windows Kits\8.0\References\CommonConfiguration\Neutral" /AI"C:\Program Files (x86)\Reference Assemblies\Microsoft\Framework\.NETFramework\v4.5\Facades\\" /Zi /clr /nologo /W3 /WX- /Od /Oy- /D WIN32 /D _DEBUG /D _UNICODE /D UNICODE /EHa /MDd /GS /fp:precise /Zc:wchar_t /Zc:forScope /Fo"Debug\\" /Fd"Debug\vc110.pdb" /TP /FU"C:\Program Files (x86)\Reference Assemblies\Microsoft\Framework\.NETFramework\v4.5\mscorlib.dll" /FU"C:\Program Files (x86)\Reference Assemblies\Microsoft\Framework\.NETFramework\v4.5\System.Data.dll" /FU"C:\Program Files (x86)\Reference Assemblies\Microsoft\Framework\.NETFramework\v4.5\System.dll" /FU"C:\Program Files (x86)\Reference Assemblies\Microsoft\Framework\.NETFramework\v4.5\System.Drawing.dll" /FU"C:\Program Files (x86)\Reference Assemblies\Microsoft\Framework\.NETFramework\v4.5\System.Windows.Forms.dll" /FU"C:\Program Files (x86)\Reference Assemblies\Microsoft\Framework\.NETFramework\v4.5\System.Xml.dll" /analyze- /errorReport:prompt /clr:nostdlib Game.cpp GameWindow.cpp Inventory.cpp main.cpp Player.cpp Town.cpp
         Game.cpp
     1>Game.cpp(81): warning C4018: '<' : signed/unsigned mismatch
         GameWindow.cpp
         Inventory.cpp
         main.cpp
         Player.cpp
         Town.cpp
     1>Town.cpp(32): warning C4244: 'initializing' : conversion from 'int' to 'float', possible loss of data
     1>Town.cpp(33): warning C4244: 'initializing' : conversion from 'int' to 'float', possible loss of data
     1>Town.cpp(38): warning C4244: '=' : conversion from 'float' to 'int', possible loss of data
     1>Town.cpp(44): warning C4244: 'return' : conversion from 'const float' to 'int', possible loss of data
         Generating Code...
         C:\Program Files (x86)\Microsoft Visual Studio 11.0\VC\bin\CL.exe /c /Zi /clr /nologo /W3 /WX- /Od /Oy- /D WIN32 /D _DEBUG /D _UNICODE /D UNICODE /EHa /MDd /GS /fp:precise /Zc:wchar_t /Zc:forScope /Fo"Debug\\" /Fd"Debug\vc110.pdb" /TP /analyze- /errorReport:prompt "C:\Users\Nalta\AppData\Local\Temp\.NETFramework,Version=v4.5.AssemblyAttributes.cpp"
         .NETFramework,Version=v4.5.AssemblyAttributes.cpp
       Link:
         C:\Program Files (x86)\Microsoft Visual Studio 11.0\VC\bin\link.exe /ERRORREPORT:PROMPT /OUT:"C:\PROJECTS\TradingGame\ClientWindow\ClientWindow\Debug\ClientWindow.exe" /INCREMENTAL /NOLOGO kernel32.lib user32.lib gdi32.lib winspool.lib comdlg32.lib advapi32.lib shell32.lib ole32.lib oleaut32.lib uuid.lib odbc32.lib odbccp32.lib /ASSEMBLYRESOURCE:Debug\ClientWindow.GameWindow.resources /MANIFEST /MANIFESTUAC:"level='asInvoker' uiAccess='false'" /manifest:embed /DEBUG /PDB:"C:\PROJECTS\TradingGame\ClientWindow\ClientWindow\Debug\ClientWindow.pdb" /ASSEMBLYDEBUG /TLBID:1 /DYNAMICBASE /FIXED:NO /NXCOMPAT /MACHINE:X86 Debug\Game.obj
         Debug\GameWindow.obj
         Debug\Inventory.obj
         Debug\main.obj
         Debug\Player.obj
         Debug\Town.obj
         "Debug\.NETFramework,Version=v4.5.AssemblyAttributes.obj"
         ClientWindow.vcxproj -> C:\PROJECTS\TradingGame\ClientWindow\ClientWindow\Debug\ClientWindow.exe
     1>Done Building Project "C:\PROJECTS\TradingGame\ClientWindow\ClientWindow\ClientWindow.vcxproj" (Build target(s)).

Build succeeded.

Time Elapsed 00:00:07.15
