C:\PROJECTS\TRADINGGAME\CLIENTWINDOW\CLIENTWINDOW\DEBUG\TOWN.OBJ
C:\PROJECTS\TRADINGGAME\CLIENTWINDOW\CLIENTWINDOW\DEBUG\PLAYER.OBJ
C:\PROJECTS\TRADINGGAME\CLIENTWINDOW\CLIENTWINDOW\DEBUG\MAIN.OBJ
C:\PROJECTS\TRADINGGAME\CLIENTWINDOW\CLIENTWINDOW\DEBUG\INVENTORY.OBJ
C:\PROJECTS\TRADINGGAME\CLIENTWINDOW\CLIENTWINDOW\DEBUG\GAMEWINDOW.OBJ
C:\PROJECTS\TRADINGGAME\CLIENTWINDOW\CLIENTWINDOW\DEBUG\GAME.OBJ
C:\PROJECTS\TRADINGGAME\CLIENTWINDOW\CLIENTWINDOW\DEBUG\VC110.PDB
C:\PROJECTS\TRADINGGAME\CLIENTWINDOW\CLIENTWINDOW\DEBUG\.NETFRAMEWORK,VERSION=V4.5.ASSEMBLYATTRIBUTES.OBJ
C:\PROJECTS\TradingGame\ClientWindow\ClientWindow\Debug\ClientWindow.GameWindow.resources
C:\PROJECTS\TradingGame\ClientWindow\ClientWindow\Debug\ClientWindow.vcxproj.GenerateResource.Cache
C:\PROJECTS\TradingGame\ClientWindow\ClientWindow\Debug\.NETFramework,Version=v4.5.AssemblyAttributes.obj
C:\PROJECTS\TradingGame\ClientWindow\ClientWindow\Debug\Game.obj
C:\PROJECTS\TradingGame\ClientWindow\ClientWindow\Debug\GameWindow.obj
C:\PROJECTS\TradingGame\ClientWindow\ClientWindow\Debug\Inventory.obj
C:\PROJECTS\TradingGame\ClientWindow\ClientWindow\Debug\main.obj
C:\PROJECTS\TradingGame\ClientWindow\ClientWindow\Debug\Player.obj
C:\PROJECTS\TradingGame\ClientWindow\ClientWindow\Debug\Town.obj
C:\PROJECTS\TradingGame\ClientWindow\ClientWindow\Debug\cl.command.1.tlog
C:\PROJECTS\TradingGame\ClientWindow\ClientWindow\Debug\CL.read.1.tlog
C:\PROJECTS\TradingGame\ClientWindow\ClientWindow\Debug\CL.write.1.tlog
C:\PROJECTS\TradingGame\ClientWindow\ClientWindow\Debug\ClientWindow.write.1.tlog
C:\PROJECTS\TradingGame\ClientWindow\ClientWindow\Debug\link.command.1.tlog
C:\PROJECTS\TradingGame\ClientWindow\ClientWindow\Debug\link.read.1.tlog
C:\PROJECTS\TradingGame\ClientWindow\ClientWindow\Debug\link.write.1.tlog
C:\PROJECTS\TradingGame\ClientWindow\ClientWindow\Debug\metagen.read.1.tlog
C:\PROJECTS\TradingGame\ClientWindow\ClientWindow\Debug\metagen.write.1.tlog
C:\PROJECTS\TradingGame\ClientWindow\ClientWindow\Debug\vc110.pdb
C:\PROJECTS\TradingGame\ClientWindow\ClientWindow\Debug\RSAENH.DLL.bi
C:\PROJECTS\TradingGame\ClientWindow\ClientWindow\Debug\TZRES.DLL.bi
C:\PROJECTS\TradingGame\ClientWindow\ClientWindow\Debug\ClientWindow.exe
